<?xml version="1.0" encoding="UTF-8"?>
<testExecutions version="1">
  <file path="/home/sampab/test/src/components/SearchBar/SearchBar.test.js">
    <testCase name="SearchBar test:" duration="234"/>
  </file>
  <file path="/home/sampab/test/src/components/ExploreGrid/ExploreGrid.test.js">
    <testCase name="ExploreGrid Test" duration="607"/>
  </file>
  <file path="/home/sampab/test/src/components/BookCard/BookCard.test.js">
    <testCase name="BookCard test" duration="279"/>
    <testCase name="BookCard Functionality Test" duration="63"/>
    <testCase name="BookCard finished Reading" duration="208"/>
  </file>
  <file path="/home/sampab/test/src/components/Nav/Nav.test.js">
    <testCase name="Icon test" duration="621"/>
    <testCase name="NavBar Explore Button Test" duration="294"/>
    <testCase name="NavBar Search test" duration="577"/>
  </file>
  <file path="/home/sampab/test/src/components/Lower/Lower.test.js">
    <testCase name="Icon test" duration="622"/>
    <testCase name="NavBar Explore Button Test" duration="324"/>
    <testCase name="NavBar Search test" duration="636"/>
    <testCase name="My Library Test" duration="189"/>
  </file>
  <file path="/home/sampab/test/src/components/BookDetail/BookDetail.test.js">
    <testCase name="Icon test" duration="602"/>
    <testCase name="NavBar Explore Button Test" duration="336"/>
    <testCase name="NavBar Search test" duration="593"/>
    <testCase name="BookDetail test" duration="492"/>
  </file>
  <file path="/home/sampab/test/src/components/Home/Home.test.js">
    <testCase name="Icon test" duration="682"/>
    <testCase name="NavBar Explore Button Test" duration="314"/>
    <testCase name="NavBar Search test" duration="569"/>
    <testCase name="Home Page test" duration="709"/>
  </file>
  <file path="/home/sampab/test/src/components/Footer/Footer.test.js">
    <testCase name="Footer test" duration="116"/>
  </file>
  <file path="/home/sampab/test/src/components/CurrentlyReading/CurrentReading.test.js">
    <testCase name="Icon test" duration="299"/>
    <testCase name="NavBar Explore Button Test" duration="127"/>
    <testCase name="NavBar Search test" duration="283"/>
    <testCase name="currently reading test" duration="193"/>
  </file>
  <file path="/home/sampab/test/src/components/FinishedReading/FinishedReading.test.js">
    <testCase name="Icon test" duration="295"/>
    <testCase name="NavBar Explore Button Test" duration="120"/>
    <testCase name="NavBar Search test" duration="296"/>
    <testCase name="currently reading test" duration="177"/>
    <testCase name="Finished Reading button test" duration="47"/>
  </file>
</testExecutions>